C51 COMPILER V9.06   TIMER3                                                                07/10/2012 09:55:59 PAGE 1   


C51 COMPILER V9.06, COMPILATION OF MODULE TIMER3
OBJECT MODULE PLACED IN Timer3.OBJ
COMPILER INVOKED BY: C:\Keil\C51\BIN\C51.EXE Timer3.c OPTIMIZE(9,SIZE) BROWSE INCDIR(C:\Keil\C51\INC\SiLABS) DEBUG OBJEC
                    -TEXTEND

line level    source

   1          #include "C8051F020.h"
   2          
   3          
   4          void wandlascii(unsigned int e,char k);
   5          
   6          extern unsigned char ken3[12];
   7          extern bit TMR_BUSY;
   8          
   9           union
  10           {
  11                  unsigned char c[2];
  12                  unsigned int i;
  13          }datum;    
  14          
  15          
  16          
  17          
  18          //
  19          //void T3_ISR (void) interrupt 14
  20          //{
  21          //      static unsigned char count = 0;
  22          //      TMR3CN&=0x7F;            //interrupt flag löschen
  23          //      count++;
  24          //      if(count == 29)            //war default-mäßig auf 29  hängt ab Werten von 256??!?!?
  25          //      {
  26          //              TR1=0;                                  //Timer1 disabled
  27          //              TMR3CN=TMR3CN & 0xFB;   //Timer3 stoppen
  28          //                                                              /*setzen des Loadwertes von Timer3*/
  29          //              TMR3L=0x00;                             
  30          //              TMR3H=0xE0;                             
  31          //
  32          //              datum.c[0]=TH1;                 
  33          //              datum.c[1]=TL1;
  34          //              wandlascii(datum.i,3);          
  35          //              TH1=0;
  36          //              TL1=0;
  37          //                                                              /*rücksetzen des "Cache" von Timer1*/
  38          //              P5=0x0F;                                //LEDs ausschalten 
  39          //              EIE2&=0xFE;                             //Timer3 interrupt disablen
  40          //              count=0;
  41          //              TMR_BUSY=0;
  42          //
  43          //      }
  44          //} 
  45          


MODULE INFORMATION:   STATIC OVERLAYABLE
   CODE SIZE        =   ----    ----
   CONSTANT SIZE    =   ----    ----
   XDATA SIZE       =   ----    ----
   PDATA SIZE       =   ----    ----
   DATA SIZE        =      2    ----
   IDATA SIZE       =   ----    ----
C51 COMPILER V9.06   TIMER3                                                                07/10/2012 09:55:59 PAGE 2   

   BIT SIZE         =   ----    ----
END OF MODULE INFORMATION.


C51 COMPILATION COMPLETE.  0 WARNING(S),  0 ERROR(S)
