C51 COMPILER V9.06   UART2                                                                 07/10/2012 09:55:59 PAGE 1   


C51 COMPILER V9.06, COMPILATION OF MODULE UART2
OBJECT MODULE PLACED IN UART2.OBJ
COMPILER INVOKED BY: C:\Keil\C51\BIN\C51.EXE UART2.c OPTIMIZE(9,SIZE) BROWSE INCDIR(C:\Keil\C51\INC\SiLABS) DEBUG OBJECT
                    -EXTEND

line level    source

   1          //--------------------------------------------------------------------------------------------------------
             -----------------------
   2          //Deklarationen und Konstanten
   3          //--------------------------------------------------------------------------------------------------------
             ----------------------*/
   4          #include "C8051F020.h" // Registersatz verwenden
   5          
   6          void send(unsigned char ken[12]);
   7          
   8          extern unsigned char flag;
   9          extern unsigned char ken0[12];
  10          extern unsigned char ken1[12];
  11          extern unsigned char ken2[12];
  12          extern unsigned char ken3[12];
  13          extern unsigned char ken4[12];
  14          extern unsigned int exchange;
  15          
  16          
  17          //void Empf_ISR(void) interrupt 20
  18          //{
  19          //      static bit empf=0;
  20          //      static unsigned char date=0;
  21          //
  22          //      
  23          //
  24          //
  25          //
  26          //      switch(SBUF1)
  27          //      {
  28          //
  29          //              case 0x1B:
  30          //                                      if (empf==0) empf=1;
  31          //                                      break;
  32          //              case 0xE0:
  33          //                                      if (empf) flag=1;
  34          //                                      break;
  35          //              case 0xE1:
  36          //                                      if (empf) flag=2;       
  37          //                                      break;
  38          //              case 0xE2:
  39          //                                      if (empf) flag=3;
  40          //                                      break;
  41          //              case 0xE3:
  42          //                                      if (empf) flag=4;
  43          //                                      break;
  44          //              case 0xE4:
  45          //                                      if (empf) date=1;
  46          //                                      break;
  47          //              case 0x01:
  48          //                                      if (date==1) date=2;
  49          //                                      break;
  50          //
  51          //              default:
  52          //
C51 COMPILER V9.06   UART2                                                                 07/10/2012 09:55:59 PAGE 2   

  53          //
  54          //                                      if(date==2) 
  55          //                                      {
  56          //              
  57          //                                              exchange=(10*(SBUF1/16)+(SBUF1%16));
  58          //                                              empf=0;
  59          //                                              date=0;
  60          //                                              flag=5;
  61          //                                              break;
  62          //                                      } 
  63          //
  64          //
  65          //                                      empf=0;
  66          //                                      date=0;
  67          //                                      break;
  68          //              }
  69          //                      
  70          //              
  71          //              SCON1 &= 0xFE;
  72          //      
  73          //}
  74          //
  75          //void send(unsigned char ken[12])                              
  76          //{             
  77          //              unsigned char i;
  78          //              for(i=0;i<12;i++)                                       
  79          //              {
  80          //                                                      
  81          //                      while((SCON1 & 0x02) != 0x02); // Senden beendet?
  82          //                      SBUF1 = ken[i];
  83          //                      SCON1 &= 0xfd; // Wenn ja: Sendeflag löschen
  84          //              }       
  85          //}


MODULE INFORMATION:   STATIC OVERLAYABLE
   CODE SIZE        =   ----    ----
   CONSTANT SIZE    =   ----    ----
   XDATA SIZE       =   ----    ----
   PDATA SIZE       =   ----    ----
   DATA SIZE        =   ----    ----
   IDATA SIZE       =   ----    ----
   BIT SIZE         =   ----    ----
END OF MODULE INFORMATION.


C51 COMPILATION COMPLETE.  0 WARNING(S),  0 ERROR(S)
