C51 COMPILER V9.06   INIT                                                                  11/13/2012 12:51:26 PAGE 1   


C51 COMPILER V9.06, COMPILATION OF MODULE INIT
OBJECT MODULE PLACED IN init.OBJ
COMPILER INVOKED BY: C:\Keil\C51\BIN\C51.EXE init.c BROWSE DEBUG OBJECTEXTEND

line level    source

   1          /////////////////////////////////////
   2          //  Generated Initialization File  //
   3          /////////////////////////////////////
   4          
   5          #include "C8051F020.h"
   6          
   7          // Peripheral specific initialization functions,
   8          // Called from the Init_Device() function
   9          void Reset_Sources_Init()
  10          {
  11   1          WDTCN     = 0xDE;
  12   1          WDTCN     = 0xAD;
  13   1      }
  14          
  15          void PCA_Init()
  16          {
  17   1          PCA0CN    = 0x40;
  18   1          PCA0MD    = 0x01;
  19   1          PCA0CPM0  = 0xC2;
  20   1          PCA0H     = 0x70;
  21   1          PCA0CPL0  = 0x66;
  22   1          PCA0CPH0  = 0xE6;
  23   1      }
  24          
  25          void Port_IO_Init()
  26          {
  27   1          // P0.0  -  TX0 (UART0), Open-Drain, Digital
  28   1          // P0.1  -  RX0 (UART0), Open-Drain, Digital
  29   1          // P0.2  -  CEX0 (PCA),  Push-Pull,  Digital
  30   1          // P0.3  -  Unassigned,  Open-Drain, Digital
  31   1          // P0.4  -  Unassigned,  Open-Drain, Digital
  32   1          // P0.5  -  Unassigned,  Open-Drain, Digital
  33   1          // P0.6  -  Unassigned,  Open-Drain, Digital
  34   1          // P0.7  -  Unassigned,  Open-Drain, Digital
  35   1      
  36   1          // P1.0  -  Unassigned,  Open-Drain, Digital
  37   1          // P1.1  -  Unassigned,  Open-Drain, Digital
  38   1          // P1.2  -  Unassigned,  Open-Drain, Digital
  39   1          // P1.3  -  Unassigned,  Open-Drain, Digital
  40   1          // P1.4  -  Unassigned,  Open-Drain, Digital
  41   1          // P1.5  -  Unassigned,  Open-Drain, Digital
  42   1          // P1.6  -  Unassigned,  Open-Drain, Digital
  43   1          // P1.7  -  Unassigned,  Open-Drain, Digital
  44   1      
  45   1          // P2.0  -  Unassigned,  Open-Drain, Digital
  46   1          // P2.1  -  Unassigned,  Open-Drain, Digital
  47   1          // P2.2  -  Unassigned,  Open-Drain, Digital
  48   1          // P2.3  -  Unassigned,  Open-Drain, Digital
  49   1          // P2.4  -  Unassigned,  Open-Drain, Digital
  50   1          // P2.5  -  Unassigned,  Open-Drain, Digital
  51   1          // P2.6  -  Unassigned,  Open-Drain, Digital
  52   1          // P2.7  -  Unassigned,  Open-Drain, Digital
  53   1      
  54   1          // P3.0  -  Unassigned,  Open-Drain, Digital
  55   1          // P3.1  -  Unassigned,  Open-Drain, Digital
C51 COMPILER V9.06   INIT                                                                  11/13/2012 12:51:26 PAGE 2   

  56   1          // P3.2  -  Unassigned,  Open-Drain, Digital
  57   1          // P3.3  -  Unassigned,  Open-Drain, Digital
  58   1          // P3.4  -  Unassigned,  Open-Drain, Digital
  59   1          // P3.5  -  Unassigned,  Open-Drain, Digital
  60   1          // P3.6  -  Unassigned,  Open-Drain, Digital
  61   1          // P3.7  -  Unassigned,  Open-Drain, Digital
  62   1      
  63   1          P0MDOUT   = 0x04;
  64   1          XBR0      = 0x0C;
  65   1          XBR2      = 0x40;
  66   1      }
  67          
  68          void Oscillator_Init()
  69          {
  70   1          int i = 0;
  71   1          OSCXCN    = 0x67;
  72   1          for (i = 0; i < 3000; i++);  // Wait 1ms for initialization
  73   1          while ((OSCXCN & 0x80) == 0);
  74   1          OSCICN    = 0x0C;
  75   1      }
  76          
  77          void Interrupts_Init()
  78          {
  79   1          EIE1      = 0x08;
  80   1      }
  81          
  82          // Initialization function for device,
  83          // Call Init_Device() from your main program
  84          void Init_Device(void)
  85          {
  86   1          Reset_Sources_Init();
  87   1          PCA_Init();
  88   1          Port_IO_Init();
  89   1          Oscillator_Init();
  90   1          Interrupts_Init();
  91   1      }


MODULE INFORMATION:   STATIC OVERLAYABLE
   CODE SIZE        =     81    ----
   CONSTANT SIZE    =   ----    ----
   XDATA SIZE       =   ----    ----
   PDATA SIZE       =   ----    ----
   DATA SIZE        =   ----    ----
   IDATA SIZE       =   ----    ----
   BIT SIZE         =   ----    ----
END OF MODULE INFORMATION.


C51 COMPILATION COMPLETE.  0 WARNING(S),  0 ERROR(S)
