C51 COMPILER V9.06   MAIN                                                                  11/13/2012 12:51:26 PAGE 1   


C51 COMPILER V9.06, COMPILATION OF MODULE MAIN
OBJECT MODULE PLACED IN main.OBJ
COMPILER INVOKED BY: C:\Keil\C51\BIN\C51.EXE main.c BROWSE DEBUG OBJECTEXTEND

line level    source

   1                                  
   2          #include "C8051F020.h"
   3          
   4          //Konfiguration für 1ms Duty Cycle
   5          #define MS1L 0x9A;
   6          #define MS1H 0xF1;
   7          
   8          
   9          void Init_Device (void);
  10          
  11          
  12          void main(void)
  13          {
  14   1              unsigned short i, j;
  15   1      
  16   1              Init_Device();
  17   1              
  18   1              EA = 1;
  19   1      
  20   1              while(1)
  21   1              {
  22   2                      PCA0CPL0  = MS1L;
  23   2              PCA0CPH0  = MS1H;
  24   2                      for(i=0; i<0x4000; i++)
  25   2                      {
  26   3                              for(j=0;j<1012; j++);
  27   3                      }
  28   2      
  29   2                      PCA0CPL0  = 0xCC;
  30   2              PCA0CPH0  = 0xF8;
  31   2                      for(i=0; i<0x4000; i++)
  32   2                      {
  33   3                              for(j=0;j<1012; j++);
  34   3                      }
  35   2      
  36   2                      PCA0CPL0  = 0x33;
  37   2              PCA0CPH0  = 0xF5;
  38   2                      for(i=0; i<0x4000; i++)
  39   2                      {
  40   3                              for(j=0;j<1012; j++);
  41   3                      }
  42   2                                 
  43   2              }
  44   1      }
  45          
  46          void PCA_ISR (void) interrupt 9
  47          {
  48   1                PCA0H      = 0x70;
  49   1                PCA0CN        &= 0x7F;
  50   1      }


MODULE INFORMATION:   STATIC OVERLAYABLE
   CODE SIZE        =    141    ----
   CONSTANT SIZE    =   ----    ----
C51 COMPILER V9.06   MAIN                                                                  11/13/2012 12:51:26 PAGE 2   

   XDATA SIZE       =   ----    ----
   PDATA SIZE       =   ----    ----
   DATA SIZE        =   ----       2
   IDATA SIZE       =   ----    ----
   BIT SIZE         =   ----    ----
END OF MODULE INFORMATION.


C51 COMPILATION COMPLETE.  0 WARNING(S),  0 ERROR(S)
