This is pdfTeX, Version 3.1415926-2.4-1.40.13 (TeX Live 2012/W32TeX) (format=pdflatex 2012.9.6)  28 JAN 2013 00:01
entering extended mode
 restricted \write18 enabled.
 %&-line parsing enabled.
**Masterarbeit_20120831.tex
(./Masterarbeit_20120831.tex
LaTeX2e <2011/06/27>
Babel <v3.8m> and hyphenation patterns for english, dumylang, nohyphenation, ge
rman-x-2012-05-30, ngerman-x-2012-05-30, afrikaans, ancientgreek, ibycus, arabi
c, armenian, basque, bulgarian, catalan, pinyin, coptic, croatian, czech, danis
h, dutch, ukenglish, usenglishmax, esperanto, estonian, ethiopic, farsi, finnis
h, french, friulan, galician, german, ngerman, swissgerman, monogreek, greek, h
ungarian, icelandic, assamese, bengali, gujarati, hindi, kannada, malayalam, ma
rathi, oriya, panjabi, tamil, telugu, indonesian, interlingua, irish, italian, 
kurmanji, latin, latvian, lithuanian, mongolian, mongolianlmc, bokmal, nynorsk,
 polish, portuguese, romanian, romansh, russian, sanskrit, serbian, serbianc, s
lovak, slovenian, spanish, swedish, turkish, turkmen, ukrainian, uppersorbian, 
welsh, loaded.
(c:/texlive/2012/texmf-dist/tex/latex/koma-script/scrreprt.cls
Document Class: scrreprt 2012/07/29 v3.11b KOMA-Script document class (report)
(c:/texlive/2012/texmf-dist/tex/latex/koma-script/scrkbase.sty
Package: scrkbase 2012/07/29 v3.11b KOMA-Script package (KOMA-Script-dependent 
basics and keyval usage)

(c:/texlive/2012/texmf-dist/tex/latex/koma-script/scrbase.sty
Package: scrbase 2012/07/29 v3.11b KOMA-Script package (KOMA-Script-independent
 basics and keyval usage)

(c:/texlive/2012/texmf-dist/tex/latex/graphics/keyval.sty
Package: keyval 1999/03/16 v1.13 key=value parser (DPC)
\KV@toks@=\toks14
)
(c:/texlive/2012/texmf-dist/tex/latex/koma-script/scrlfile.sty
Package: scrlfile 2012/06/15 v3.12 KOMA-Script package (loading files)

Package scrlfile, 2012/06/15 v3.12 KOMA-Script package (loading files)
                  Copyright (C) Markus Kohm

))) (c:/texlive/2012/texmf-dist/tex/latex/koma-script/tocbasic.sty
Package: tocbasic 2012/04/04 v3.10b KOMA-Script package (handling toc-files)
)
Package tocbasic Info: omitting babel extension for `toc'
(tocbasic)             because of feature `nobabel' available
(tocbasic)             for `toc' on input line 117.
Package tocbasic Info: omitting babel extension for `lof'
(tocbasic)             because of feature `nobabel' available
(tocbasic)             for `lof' on input line 118.
Package tocbasic Info: omitting babel extension for `lot'
(tocbasic)             because of feature `nobabel' available
(tocbasic)             for `lot' on input line 119.
Package scrreprt Info: You've used obsolete option `12pt'.
(scrreprt)             \KOMAExecuteOptions{fontsize=12pt} will be
(scrreprt)             used instead.
(scrreprt)             You may simply replace `12pt'
(scrreprt)             by `fontsize=12pt'.
Class scrreprt Info: File `scrsize12pt.clo' used to setup font sizes on input l
ine 1367.

(c:/texlive/2012/texmf-dist/tex/latex/koma-script/scrsize12pt.clo
File: scrsize12pt.clo 2012/07/29 v3.11b KOMA-Script font size class option (12p
t)
)
(c:/texlive/2012/texmf-dist/tex/latex/koma-script/typearea.sty
Package: typearea 2012/07/29 v3.11b KOMA-Script package (type area)

Package typearea, 2012/07/29 v3.11b KOMA-Script package (type area)
                  Copyright (C) Frank Neukam, 1992-1994
                  Copyright (C) Markus Kohm, 1994-

\ta@bcor=\skip41
\ta@div=\count79
\ta@hblk=\skip42
\ta@vblk=\skip43
\ta@temp=\skip44
Package typearea Info: These are the values describing the layout:
(typearea)             DIV  = 12
(typearea)             BCOR = 0.0pt
(typearea)             \paperwidth      = 597.50793pt
(typearea)              \textwidth      = 448.13095pt
(typearea)              DIV departure   = -6%
(typearea)              \evensidemargin = 2.4185pt
(typearea)              \oddsidemargin  = 2.4185pt
(typearea)             \paperheight     = 845.04694pt
(typearea)              \textheight     = 635.5pt
(typearea)              \topmargin      = -41.72441pt
(typearea)              \headheight     = 18.125pt
(typearea)              \headsep        = 21.75pt
(typearea)              \topskip        = 12.0pt
(typearea)              \footskip       = 50.75pt
(typearea)              \baselineskip   = 14.5pt
(typearea)              on input line 1213.
)
\c@part=\count80
\c@chapter=\count81
\c@section=\count82
\c@subsection=\count83
\c@subsubsection=\count84
\c@paragraph=\count85
\c@subparagraph=\count86
\abovecaptionskip=\skip45
\belowcaptionskip=\skip46
\c@pti@nb@sid@b@x=\box26
\c@figure=\count87
\c@table=\count88
\bibindent=\dimen102
) (c:/texlive/2012/texmf-dist/tex/latex/base/inputenc.sty
Package: inputenc 2008/03/30 v1.1d Input encoding file
\inpenc@prehook=\toks15
\inpenc@posthook=\toks16

(c:/texlive/2012/texmf-dist/tex/latex/base/utf8.def
File: utf8.def 2008/04/05 v1.1m UTF-8 support for inputenc
Now handling font encoding OML ...
... no UTF-8 mapping file for font encoding OML
Now handling font encoding T1 ...
... processing UTF-8 mapping file for font encoding T1

(c:/texlive/2012/texmf-dist/tex/latex/base/t1enc.dfu
File: t1enc.dfu 2008/04/05 v1.1m UTF-8 support for inputenc
   defining Unicode char U+00A1 (decimal 161)
   defining Unicode char U+00A3 (decimal 163)
   defining Unicode char U+00AB (decimal 171)
   defining Unicode char U+00BB (decimal 187)
   defining Unicode char U+00BF (decimal 191)
   defining Unicode char U+00C0 (decimal 192)
   defining Unicode char U+00C1 (decimal 193)
   defining Unicode char U+00C2 (decimal 194)
   defining Unicode char U+00C3 (decimal 195)
   defining Unicode char U+00C4 (decimal 196)
   defining Unicode char U+00C5 (decimal 197)
   defining Unicode char U+00C6 (decimal 198)
   defining Unicode char U+00C7 (decimal 199)
   defining Unicode char U+00C8 (decimal 200)
   defining Unicode char U+00C9 (decimal 201)
   defining Unicode char U+00CA (decimal 202)
   defining Unicode char U+00CB (decimal 203)
   defining Unicode char U+00CC (decimal 204)
   defining Unicode char U+00CD (decimal 205)
   defining Unicode char U+00CE (decimal 206)
   defining Unicode char U+00CF (decimal 207)
   defining Unicode char U+00D0 (decimal 208)
   defining Unicode char U+00D1 (decimal 209)
   defining Unicode char U+00D2 (decimal 210)
   defining Unicode char U+00D3 (decimal 211)
   defining Unicode char U+00D4 (decimal 212)
   defining Unicode char U+00D5 (decimal 213)
   defining Unicode char U+00D6 (decimal 214)
   defining Unicode char U+00D8 (decimal 216)
   defining Unicode char U+00D9 (decimal 217)
   defining Unicode char U+00DA (decimal 218)
   defining Unicode char U+00DB (decimal 219)
   defining Unicode char U+00DC (decimal 220)
   defining Unicode char U+00DD (decimal 221)
   defining Unicode char U+00DE (decimal 222)
   defining Unicode char U+00DF (decimal 223)
   defining Unicode char U+00E0 (decimal 224)
   defining Unicode char U+00E1 (decimal 225)
   defining Unicode char U+00E2 (decimal 226)
   defining Unicode char U+00E3 (decimal 227)
   defining Unicode char U+00E4 (decimal 228)
   defining Unicode char U+00E5 (decimal 229)
   defining Unicode char U+00E6 (decimal 230)
   defining Unicode char U+00E7 (decimal 231)
   defining Unicode char U+00E8 (decimal 232)
   defining Unicode char U+00E9 (decimal 233)
   defining Unicode char U+00EA (decimal 234)
   defining Unicode char U+00EB (decimal 235)
   defining Unicode char U+00EC (decimal 236)
   defining Unicode char U+00ED (decimal 237)
   defining Unicode char U+00EE (decimal 238)
   defining Unicode char U+00EF (decimal 239)
   defining Unicode char U+00F0 (decimal 240)
   defining Unicode char U+00F1 (decimal 241)
   defining Unicode char U+00F2 (decimal 242)
   defining Unicode char U+00F3 (decimal 243)
   defining Unicode char U+00F4 (decimal 244)
   defining Unicode char U+00F5 (decimal 245)
   defining Unicode char U+00F6 (decimal 246)
   defining Unicode char U+00F8 (decimal 248)
   defining Unicode char U+00F9 (decimal 249)
   defining Unicode char U+00FA (decimal 250)
   defining Unicode char U+00FB (decimal 251)
   defining Unicode char U+00FC (decimal 252)
   defining Unicode char U+00FD (decimal 253)
   defining Unicode char U+00FE (decimal 254)
   defining Unicode char U+00FF (decimal 255)
   defining Unicode char U+0102 (decimal 258)
   defining Unicode char U+0103 (decimal 259)
   defining Unicode char U+0104 (decimal 260)
   defining Unicode char U+0105 (decimal 261)
   defining Unicode char U+0106 (decimal 262)
   defining Unicode char U+0107 (decimal 263)
   defining Unicode char U+010C (decimal 268)
   defining Unicode char U+010D (decimal 269)
   defining Unicode char U+010E (decimal 270)
   defining Unicode char U+010F (decimal 271)
   defining Unicode char U+0110 (decimal 272)
   defining Unicode char U+0111 (decimal 273)
   defining Unicode char U+0118 (decimal 280)
   defining Unicode char U+0119 (decimal 281)
   defining Unicode char U+011A (decimal 282)
   defining Unicode char U+011B (decimal 283)
   defining Unicode char U+011E (decimal 286)
   defining Unicode char U+011F (decimal 287)
   defining Unicode char U+0130 (decimal 304)
   defining Unicode char U+0131 (decimal 305)
   defining Unicode char U+0132 (decimal 306)
   defining Unicode char U+0133 (decimal 307)
   defining Unicode char U+0139 (decimal 313)
   defining Unicode char U+013A (decimal 314)
   defining Unicode char U+013D (decimal 317)
   defining Unicode char U+013E (decimal 318)
   defining Unicode char U+0141 (decimal 321)
   defining Unicode char U+0142 (decimal 322)
   defining Unicode char U+0143 (decimal 323)
   defining Unicode char U+0144 (decimal 324)
   defining Unicode char U+0147 (decimal 327)
   defining Unicode char U+0148 (decimal 328)
   defining Unicode char U+014A (decimal 330)
   defining Unicode char U+014B (decimal 331)
   defining Unicode char U+0150 (decimal 336)
   defining Unicode char U+0151 (decimal 337)
   defining Unicode char U+0152 (decimal 338)
   defining Unicode char U+0153 (decimal 339)
   defining Unicode char U+0154 (decimal 340)
   defining Unicode char U+0155 (decimal 341)
   defining Unicode char U+0158 (decimal 344)
   defining Unicode char U+0159 (decimal 345)
   defining Unicode char U+015A (decimal 346)
   defining Unicode char U+015B (decimal 347)
   defining Unicode char U+015E (decimal 350)
   defining Unicode char U+015F (decimal 351)
   defining Unicode char U+0160 (decimal 352)
   defining Unicode char U+0161 (decimal 353)
   defining Unicode char U+0162 (decimal 354)
   defining Unicode char U+0163 (decimal 355)
   defining Unicode char U+0164 (decimal 356)
   defining Unicode char U+0165 (decimal 357)
   defining Unicode char U+016E (decimal 366)
   defining Unicode char U+016F (decimal 367)
   defining Unicode char U+0170 (decimal 368)
   defining Unicode char U+0171 (decimal 369)
   defining Unicode char U+0178 (decimal 376)
   defining Unicode char U+0179 (decimal 377)
   defining Unicode char U+017A (decimal 378)
   defining Unicode char U+017B (decimal 379)
   defining Unicode char U+017C (decimal 380)
   defining Unicode char U+017D (decimal 381)
   defining Unicode char U+017E (decimal 382)
   defining Unicode char U+200C (decimal 8204)
   defining Unicode char U+2013 (decimal 8211)
   defining Unicode char U+2014 (decimal 8212)
   defining Unicode char U+2018 (decimal 8216)
   defining Unicode char U+2019 (decimal 8217)
   defining Unicode char U+201A (decimal 8218)
   defining Unicode char U+201C (decimal 8220)
   defining Unicode char U+201D (decimal 8221)
   defining Unicode char U+201E (decimal 8222)
   defining Unicode char U+2030 (decimal 8240)
   defining Unicode char U+2031 (decimal 8241)
   defining Unicode char U+2039 (decimal 8249)
   defining Unicode char U+203A (decimal 8250)
   defining Unicode char U+2423 (decimal 9251)
)
Now handling font encoding OT1 ...
... processing UTF-8 mapping file for font encoding OT1

(c:/texlive/2012/texmf-dist/tex/latex/base/ot1enc.dfu
File: ot1enc.dfu 2008/04/05 v1.1m UTF-8 support for inputenc
   defining Unicode char U+00A1 (decimal 161)
   defining Unicode char U+00A3 (decimal 163)
   defining Unicode char U+00B8 (decimal 184)
   defining Unicode char U+00BF (decimal 191)
   defining Unicode char U+00C5 (decimal 197)
   defining Unicode char U+00C6 (decimal 198)
   defining Unicode char U+00D8 (decimal 216)
   defining Unicode char U+00DF (decimal 223)
   defining Unicode char U+00E6 (decimal 230)
   defining Unicode char U+00EC (decimal 236)
   defining Unicode char U+00ED (decimal 237)
   defining Unicode char U+00EE (decimal 238)
   defining Unicode char U+00EF (decimal 239)
   defining Unicode char U+00F8 (decimal 248)
   defining Unicode char U+0131 (decimal 305)
   defining Unicode char U+0141 (decimal 321)
   defining Unicode char U+0142 (decimal 322)
   defining Unicode char U+0152 (decimal 338)
   defining Unicode char U+0153 (decimal 339)
   defining Unicode char U+2013 (decimal 8211)
   defining Unicode char U+2014 (decimal 8212)
   defining Unicode char U+2018 (decimal 8216)
   defining Unicode char U+2019 (decimal 8217)
   defining Unicode char U+201C (decimal 8220)
   defining Unicode char U+201D (decimal 8221)
)
Now handling font encoding OMS ...
... processing UTF-8 mapping file for font encoding OMS

(c:/texlive/2012/texmf-dist/tex/latex/base/omsenc.dfu
File: omsenc.dfu 2008/04/05 v1.1m UTF-8 support for inputenc
   defining Unicode char U+00A7 (decimal 167)
   defining Unicode char U+00B6 (decimal 182)
   defining Unicode char U+00B7 (decimal 183)
   defining Unicode char U+2020 (decimal 8224)
   defining Unicode char U+2021 (decimal 8225)
   defining Unicode char U+2022 (decimal 8226)
)
Now handling font encoding OMX ...
... no UTF-8 mapping file for font encoding OMX
Now handling font encoding U ...
... no UTF-8 mapping file for font encoding U
   defining Unicode char U+00A9 (decimal 169)
   defining Unicode char U+00AA (decimal 170)
   defining Unicode char U+00AE (decimal 174)
   defining Unicode char U+00BA (decimal 186)
   defining Unicode char U+02C6 (decimal 710)
   defining Unicode char U+02DC (decimal 732)
   defining Unicode char U+200C (decimal 8204)
   defining Unicode char U+2026 (decimal 8230)
   defining Unicode char U+2122 (decimal 8482)
   defining Unicode char U+2423 (decimal 9251)
))
(c:/texlive/2012/texmf-dist/tex/latex/geometry/geometry.sty
Package: geometry 2010/09/12 v5.6 Page Geometry

(c:/texlive/2012/texmf-dist/tex/generic/oberdiek/ifpdf.sty
Package: ifpdf 2011/01/30 v2.3 Provides the ifpdf switch (HO)
Package ifpdf Info: pdfTeX in PDF mode is detected.
)
(c:/texlive/2012/texmf-dist/tex/generic/oberdiek/ifvtex.sty
Package: ifvtex 2010/03/01 v1.5 Detect VTeX and its facilities (HO)
Package ifvtex Info: VTeX not detected.
)
(c:/texlive/2012/texmf-dist/tex/generic/ifxetex/ifxetex.sty
Package: ifxetex 2010/09/12 v0.6 Provides ifxetex conditional
)
\Gm@cnth=\count89
\Gm@cntv=\count90
\c@Gm@tempcnt=\count91
\Gm@bindingoffset=\dimen103
\Gm@wd@mp=\dimen104
\Gm@odd@mp=\dimen105
\Gm@even@mp=\dimen106
\Gm@layoutwidth=\dimen107
\Gm@layoutheight=\dimen108
\Gm@layouthoffset=\dimen109
\Gm@layoutvoffset=\dimen110
\Gm@dimlist=\toks17
)
(c:/texlive/2012/texmf-dist/tex/latex/graphics/graphicx.sty
Package: graphicx 1999/02/16 v1.0f Enhanced LaTeX Graphics (DPC,SPQR)

(c:/texlive/2012/texmf-dist/tex/latex/graphics/graphics.sty
Package: graphics 2009/02/05 v1.0o Standard LaTeX Graphics (DPC,SPQR)

(c:/texlive/2012/texmf-dist/tex/latex/graphics/trig.sty
Package: trig 1999/03/16 v1.09 sin cos tan (DPC)
)
(c:/texlive/2012/texmf-dist/tex/latex/latexconfig/graphics.cfg
File: graphics.cfg 2010/04/23 v1.9 graphics configuration of TeX Live
)
Package graphics Info: Driver file: pdftex.def on input line 91.

(c:/texlive/2012/texmf-dist/tex/latex/pdftex-def/pdftex.def
File: pdftex.def 2011/05/27 v0.06d Graphics/color for pdfTeX

(c:/texlive/2012/texmf-dist/tex/generic/oberdiek/infwarerr.sty
Package: infwarerr 2010/04/08 v1.3 Providing info/warning/error messages (HO)
)
(c:/texlive/2012/texmf-dist/tex/generic/oberdiek/ltxcmds.sty
Package: ltxcmds 2011/11/09 v1.22 LaTeX kernel commands for general use (HO)
)
\Gread@gobject=\count92
))
\Gin@req@height=\dimen111
\Gin@req@width=\dimen112
)
(c:/texlive/2012/texmf-dist/tex/generic/babel/babel.sty
Package: babel 2008/07/08 v3.8m The Babel package

(c:/texlive/2012/texmf-dist/tex/generic/babel/germanb.ldf
Language: germanb 2008/06/01 v2.6m German support from the babel system

(c:/texlive/2012/texmf-dist/tex/generic/babel/babel.def
File: babel.def 2008/07/08 v3.8m Babel common definitions
\babel@savecnt=\count93
\U@D=\dimen113
)
\l@austrian = a dialect from \language\l@german 
Package babel Info: Making " an active character on input line 102.
))
(c:/texlive/2012/texmf-dist/tex/latex/psnfss/helvet.sty
Package: helvet 2005/04/12 PSNFSS-v9.2a (WaS) 
)
(c:/texlive/2012/texmf-dist/tex/latex/amsmath/amsmath.sty
Package: amsmath 2000/07/18 v2.13 AMS math features
\@mathmargin=\skip47

For additional information on amsmath, use the `?' option.
(c:/texlive/2012/texmf-dist/tex/latex/amsmath/amstext.sty
Package: amstext 2000/06/29 v2.01

(c:/texlive/2012/texmf-dist/tex/latex/amsmath/amsgen.sty
File: amsgen.sty 1999/11/30 v2.0
\@emptytoks=\toks18
\ex@=\dimen114
))
(c:/texlive/2012/texmf-dist/tex/latex/amsmath/amsbsy.sty
Package: amsbsy 1999/11/29 v1.2d
\pmbraise@=\dimen115
)
(c:/texlive/2012/texmf-dist/tex/latex/amsmath/amsopn.sty
Package: amsopn 1999/12/14 v2.01 operator names
)
\inf@bad=\count94
LaTeX Info: Redefining \frac on input line 211.
\uproot@=\count95
\leftroot@=\count96
LaTeX Info: Redefining \overline on input line 307.
\classnum@=\count97
\DOTSCASE@=\count98
LaTeX Info: Redefining \ldots on input line 379.
LaTeX Info: Redefining \dots on input line 382.
LaTeX Info: Redefining \cdots on input line 467.
\Mathstrutbox@=\box27
\strutbox@=\box28
\big@size=\dimen116
LaTeX Font Info:    Redeclaring font encoding OML on input line 567.
LaTeX Font Info:    Redeclaring font encoding OMS on input line 568.
\macc@depth=\count99
\c@MaxMatrixCols=\count100
\dotsspace@=\muskip10
\c@parentequation=\count101
\dspbrk@lvl=\count102
\tag@help=\toks19
\row@=\count103
\column@=\count104
\maxfields@=\count105
\andhelp@=\toks20
\eqnshift@=\dimen117
\alignsep@=\dimen118
\tagshift@=\dimen119
\tagwidth@=\dimen120
\totwidth@=\dimen121
\lineht@=\dimen122
\@envbody=\toks21
\multlinegap=\skip48
\multlinetaggap=\skip49
\mathdisplay@stack=\toks22
LaTeX Info: Redefining \[ on input line 2666.
LaTeX Info: Redefining \] on input line 2667.
)
(c:/texlive/2012/texmf-dist/tex/latex/hyperref/hyperref.sty
Package: hyperref 2012/08/21 v6.83c Hypertext links for LaTeX

(c:/texlive/2012/texmf-dist/tex/generic/oberdiek/hobsub-hyperref.sty
Package: hobsub-hyperref 2012/05/28 v1.13 Bundle oberdiek, subset hyperref (HO)


(c:/texlive/2012/texmf-dist/tex/generic/oberdiek/hobsub-generic.sty
Package: hobsub-generic 2012/05/28 v1.13 Bundle oberdiek, subset generic (HO)
Package: hobsub 2012/05/28 v1.13 Construct package bundles (HO)
Package hobsub Info: Skipping package `infwarerr' (already loaded).
Package hobsub Info: Skipping package `ltxcmds' (already loaded).
Package: ifluatex 2010/03/01 v1.3 Provides the ifluatex switch (HO)
Package ifluatex Info: LuaTeX not detected.
Package hobsub Info: Skipping package `ifvtex' (already loaded).
Package: intcalc 2007/09/27 v1.1 Expandable calculations with integers (HO)
Package hobsub Info: Skipping package `ifpdf' (already loaded).
Package: etexcmds 2011/02/16 v1.5 Avoid name clashes with e-TeX commands (HO)
Package etexcmds Info: Could not find \expanded.
(etexcmds)             That can mean that you are not using pdfTeX 1.50 or
(etexcmds)             that some package has redefined \expanded.
(etexcmds)             In the latter case, load this package earlier.
Package: kvsetkeys 2012/04/25 v1.16 Key value parser (HO)
Package: kvdefinekeys 2011/04/07 v1.3 Define keys (HO)
Package: pdftexcmds 2011/11/29 v0.20 Utility functions of pdfTeX for LuaTeX (HO
)
Package pdftexcmds Info: LuaTeX not detected.
Package pdftexcmds Info: \pdf@primitive is available.
Package pdftexcmds Info: \pdf@ifprimitive is available.
Package pdftexcmds Info: \pdfdraftmode found.
Package: pdfescape 2011/11/25 v1.13 Implements pdfTeX's escape features (HO)
Package: bigintcalc 2012/04/08 v1.3 Expandable calculations on big integers (HO
)
Package: bitset 2011/01/30 v1.1 Handle bit-vector datatype (HO)
Package: uniquecounter 2011/01/30 v1.2 Provide unlimited unique counter (HO)
)
Package hobsub Info: Skipping package `hobsub' (already loaded).
Package: letltxmacro 2010/09/02 v1.4 Let assignment for LaTeX macros (HO)
Package: hopatch 2012/05/28 v1.2 Wrapper for package hooks (HO)
Package: xcolor-patch 2011/01/30 xcolor patch
Package: atveryend 2011/06/30 v1.8 Hooks at the very end of document (HO)
Package atveryend Info: \enddocument detected (standard20110627).
Package: atbegshi 2011/10/05 v1.16 At begin shipout hook (HO)
Package: refcount 2011/10/16 v3.4 Data extraction from label references (HO)
Package: hycolor 2011/01/30 v1.7 Color options for hyperref/bookmark (HO)
)
(c:/texlive/2012/texmf-dist/tex/latex/oberdiek/auxhook.sty
Package: auxhook 2011/03/04 v1.3 Hooks for auxiliary files (HO)
)
(c:/texlive/2012/texmf-dist/tex/latex/oberdiek/kvoptions.sty
Package: kvoptions 2011/06/30 v3.11 Key value format for package options (HO)
)
\@linkdim=\dimen123
\Hy@linkcounter=\count106
\Hy@pagecounter=\count107

(c:/texlive/2012/texmf-dist/tex/latex/hyperref/pd1enc.def
File: pd1enc.def 2012/08/21 v6.83c Hyperref: PDFDocEncoding definition (HO)
Now handling font encoding PD1 ...
... no UTF-8 mapping file for font encoding PD1
)
\Hy@SavedSpaceFactor=\count108

(c:/texlive/2012/texmf-dist/tex/latex/latexconfig/hyperref.cfg
File: hyperref.cfg 2002/06/06 v1.2 hyperref configuration of TeXLive
)
Package hyperref Info: Hyper figures OFF on input line 4263.
Package hyperref Info: Link nesting OFF on input line 4268.
Package hyperref Info: Hyper index ON on input line 4271.
Package hyperref Info: Plain pages OFF on input line 4278.
Package hyperref Info: Backreferencing OFF on input line 4283.
Package hyperref Info: Implicit mode ON; LaTeX internals redefined.
Package hyperref Info: Bookmarks ON on input line 4501.
\c@Hy@tempcnt=\count109

(c:/texlive/2012/texmf-dist/tex/latex/url/url.sty
\Urlmuskip=\muskip11
Package: url 2006/04/12  ver 3.3  Verb mode for urls, etc.
)
LaTeX Info: Redefining \url on input line 4854.
\XeTeXLinkMargin=\dimen124
\Fld@menulength=\count110
\Field@Width=\dimen125
\Fld@charsize=\dimen126
Package hyperref Info: Hyper figures OFF on input line 6094.
Package hyperref Info: Link nesting OFF on input line 6099.
Package hyperref Info: Hyper index ON on input line 6102.
Package hyperref Info: backreferencing OFF on input line 6109.
Package hyperref Info: Link coloring OFF on input line 6114.
Package hyperref Info: Link coloring with OCG OFF on input line 6119.
Package hyperref Info: PDF/A mode OFF on input line 6124.
LaTeX Info: Redefining \ref on input line 6164.
LaTeX Info: Redefining \pageref on input line 6168.
\Hy@abspage=\count111
\c@Item=\count112
\c@Hfootnote=\count113
)

Package hyperref Message: Driver (autodetected): hpdftex.

(c:/texlive/2012/texmf-dist/tex/latex/hyperref/hpdftex.def
File: hpdftex.def 2012/08/21 v6.83c Hyperref driver for pdfTeX
\Fld@listcount=\count114
\c@bookmark@seq@number=\count115

(c:/texlive/2012/texmf-dist/tex/latex/oberdiek/rerunfilecheck.sty
Package: rerunfilecheck 2011/04/15 v1.7 Rerun checks for auxiliary files (HO)
Package uniquecounter Info: New unique counter `rerunfilecheck' on input line 2
82.
)
\Hy@SectionHShift=\skip50
)
(c:/texlive/2012/texmf-dist/tex/latex/amsfonts/amssymb.sty
Package: amssymb 2009/06/22 v3.00

(c:/texlive/2012/texmf-dist/tex/latex/amsfonts/amsfonts.sty
Package: amsfonts 2009/06/22 v3.00 Basic AMSFonts support
\symAMSa=\mathgroup4
\symAMSb=\mathgroup5
LaTeX Font Info:    Overwriting math alphabet `\mathfrak' in version `bold'
(Font)                  U/euf/m/n --> U/euf/b/n on input line 96.
))
(c:/texlive/2012/texmf-dist/tex/latex/was/gensymb.sty
Package: gensymb 2003/07/02 v1.0 (WaS)
)
(c:/texlive/2012/texmf-dist/tex/latex/picinpar/picinpar.sty
Pictures in Paragraphs. Version 1.2a, July 13, 1993
\br=\count116
\bl=\count117
\na=\count118
\nb=\count119
\tcdsav=\count120
\tcl=\count121
\tcd=\count122
\tcn=\count123
\cumtcl=\count124
\cumpartcl=\count125
\lftside=\dimen127
\rtside=\dimen128
\hpic=\dimen129
\vpic=\dimen130
\strutilg=\dimen131
\picwd=\dimen132
\topheight=\dimen133
\ilg=\dimen134
\lpic=\dimen135
\lwindowsep=\dimen136
\rwindowsep=\dimen137
\cumpar=\dimen138
\twa=\toks23
\la=\toks24
\ra=\toks25
\ha=\toks26
\pictoc=\toks27
\rawtext=\box29
\holder=\box30
\windowbox=\box31
\wartext=\box32
\finaltext=\box33
\aslice=\box34
\bslice=\box35
\wbox=\box36
\wstrutbox=\box37
\picbox=\box38
\waslice=\box39
\wbslice=\box40
\fslice=\box41
) (c:/texlive/2012/texmf-dist/tex/latex/float/float.sty
Package: float 2001/11/08 v1.3d Float enhancements (AL)
\c@float@type=\count126
\float@exts=\toks28
\float@box=\box42
\@float@everytoks=\toks29
\@floatcapt=\box43
)
(c:/texlive/2012/texmf-dist/tex/latex/graphics/epsfig.sty
Package: epsfig 1999/02/16 v1.7a (e)psfig emulation (SPQR)
\epsfxsize=\dimen139
\epsfysize=\dimen140
)
(c:/texlive/2012/texmf-dist/tex/latex/tools/varioref.sty
Package: varioref 2011/10/02 v1.4z package for extended references (FMi)
\c@vrcnt=\count127
)
(c:/texlive/2012/texmf-dist/tex/latex/natbib/natbib.sty
Package: natbib 2010/09/13 8.31b (PWD, AO)
\bibhang=\skip51
\bibsep=\skip52
LaTeX Info: Redefining \cite on input line 694.
\c@NAT@ctr=\count128
)
(c:/texlive/2012/texmf-dist/tex/latex/breakurl/breakurl.sty
Package: breakurl 2009/01/24 v1.30 Breakable hyperref URLs

(c:/texlive/2012/texmf-dist/tex/latex/xkeyval/xkeyval.sty
Package: xkeyval 2008/08/13 v2.6a package option processing (HA)

(c:/texlive/2012/texmf-dist/tex/generic/xkeyval/xkeyval.tex
\XKV@toks=\toks30
\XKV@tempa@toks=\toks31
\XKV@depth=\count129
File: xkeyval.tex 2008/08/13 v2.6a key=value parser (HA)
))

Package breakurl Warning: You are using breakurl while processing via pdflatex.

(breakurl)                \burl will be just a synonym of \url.
(breakurl)                 on input line 47.

) (c:/texlive/2012/texmf-dist/tex/latex/tools/calc.sty
Package: calc 2007/08/22 v4.3 Infix arithmetic (KKT,FJ)
\calc@Acount=\count130
\calc@Bcount=\count131
\calc@Adimen=\dimen141
\calc@Bdimen=\dimen142
\calc@Askip=\skip53
\calc@Bskip=\skip54
LaTeX Info: Redefining \setlength on input line 76.
LaTeX Info: Redefining \addtolength on input line 77.
\calc@Ccount=\count132
\calc@Cskip=\skip55
)
(c:/texlive/2012/texmf-dist/tex/latex/graphics/color.sty
Package: color 2005/11/14 v1.0j Standard LaTeX Color (DPC)

(c:/texlive/2012/texmf-dist/tex/latex/latexconfig/color.cfg
File: color.cfg 2007/01/18 v1.5 color configuration of teTeX/TeXLive
)
Package color Info: Driver file: pdftex.def on input line 130.
)
(c:/texlive/2012/texmf-dist/tex/latex/listings/listings.sty
\lst@mode=\count133
\lst@gtempboxa=\box44
\lst@token=\toks32
\lst@length=\count134
\lst@currlwidth=\dimen143
\lst@column=\count135
\lst@pos=\count136
\lst@lostspace=\dimen144
\lst@width=\dimen145
\lst@newlines=\count137
\lst@lineno=\count138
\lst@maxwidth=\dimen146

(c:/texlive/2012/texmf-dist/tex/latex/listings/lstmisc.sty
File: lstmisc.sty 2007/02/22 1.4 (Carsten Heinz)
\c@lstnumber=\count139
\lst@skipnumbers=\count140
\lst@framebox=\box45
)
(c:/texlive/2012/texmf-dist/tex/latex/listings/listings.cfg
File: listings.cfg 2007/02/22 1.4 listings configuration
))
Package: listings 2007/02/22 1.4 (Carsten Heinz)

(c:/texlive/2012/texmf-dist/tex/latex/tools/longtable.sty
Package: longtable 2004/02/01 v4.11 Multi-page Table package (DPC)
\LTleft=\skip56
\LTright=\skip57
\LTpre=\skip58
\LTpost=\skip59
\LTchunksize=\count141
\LTcapwidth=\dimen147
\LT@head=\box46
\LT@firsthead=\box47
\LT@foot=\box48
\LT@lastfoot=\box49
\LT@cols=\count142
\LT@rows=\count143
\c@LT@tables=\count144
\c@LT@chunks=\count145
\LT@p@ftn=\toks33
)
Class scrreprt Info: longtable captions redefined on input line 54.

(c:/texlive/2012/texmf-dist/tex/latex/booktabs/booktabs.sty
Package: booktabs 2005/04/14 v1.61803 publication quality tables
\heavyrulewidth=\dimen148
\lightrulewidth=\dimen149
\cmidrulewidth=\dimen150
\belowrulesep=\dimen151
\belowbottomsep=\dimen152
\aboverulesep=\dimen153
\abovetopsep=\dimen154
\cmidrulesep=\dimen155
\cmidrulekern=\dimen156
\defaultaddspace=\dimen157
\@cmidla=\count146
\@cmidlb=\count147
\@aboverulesep=\dimen158
\@belowrulesep=\dimen159
\@thisruleclass=\count148
\@lastruleclass=\count149
\@thisrulewidth=\dimen160
)
(c:/texlive/2012/texmf-dist/tex/latex/tools/array.sty
Package: array 2008/09/09 v2.4c Tabular extension package (FMi)
\col@sep=\dimen161
\extrarowheight=\dimen162
\NC@list=\toks34
\extratabsurround=\skip60
\backup@length=\skip61
)
(c:/texlive/2012/texmf-dist/tex/latex/paralist/paralist.sty
Package: paralist 2002/03/18 v2.3b Extended list environments (BS)
\pltopsep=\skip62
\plpartopsep=\skip63
\plitemsep=\skip64
\plparsep=\skip65
\pl@lab=\toks35
)
(c:/texlive/2012/texmf-dist/tex/latex/tools/verbatim.sty
Package: verbatim 2003/08/22 v1.5q LaTeX2e package for verbatim enhancements
\every@verbatim=\toks36
\verbatim@line=\toks37
\verbatim@in@stream=\read1
)
(c:/texlive/2012/texmf-dist/tex/latex/subfig/subfig.sty
Package: subfig 2005/06/28 ver: 1.3 subfig package

(c:/texlive/2012/texmf-dist/tex/latex/caption/caption.sty
Package: caption 2012/02/19 v3.2f Customizing captions (AR)

(c:/texlive/2012/texmf-dist/tex/latex/caption/caption3.sty
Package: caption3 2012/01/12 v1.4b caption3 kernel (AR)
\captionmargin=\dimen163
\captionmargin@=\dimen164
\captionwidth=\dimen165
\caption@indent=\dimen166
\caption@parindent=\dimen167
\caption@hangindent=\dimen168
)
Package caption Info: KOMA-Script document class.
\c@ContinuedFloat=\count150
Package caption Info: float package is loaded.
Package caption Info: hyperref package is loaded.
Package caption Info: listings package is loaded.
Package caption Info: longtable package is loaded.

(c:/texlive/2012/texmf-dist/tex/latex/caption/ltcaption.sty
Package: ltcaption 2011/09/12 v1.3 longtable captions (AR)
)
Package caption Info: picinpar package is loaded.
)
\c@KVtest=\count151
\sf@farskip=\skip66
\sf@captopadj=\dimen169
\sf@capskip=\skip67
\sf@nearskip=\skip68
\c@subfigure=\count152
\c@subfigure@save=\count153
\c@lofdepth=\count154
\c@subtable=\count155
\c@subtable@save=\count156
\c@lotdepth=\count157
\sf@top=\skip69
\sf@bottom=\skip70
)
(c:/texlive/2012/texmf-dist/tex/latex/fancyhdr/fancyhdr.sty
\fancy@headwidth=\skip71
\f@ncyO@elh=\skip72
\f@ncyO@erh=\skip73
\f@ncyO@olh=\skip74
\f@ncyO@orh=\skip75
\f@ncyO@elf=\skip76
\f@ncyO@erf=\skip77
\f@ncyO@olf=\skip78
\f@ncyO@orf=\skip79
)
(c:/texlive/2012/texmf-dist/tex/latex/tocbibind/tocbibind.sty
Package: tocbibind 2010/10/13 v1.5k extra ToC listings
Package tocbibind Info: The document has chapter divisions on input line 50.


Package tocbibind Note: Using chapter style headings, unless overridden.

) (c:/texlive/2012/texmf-dist/tex/latex/tocloft/tocloft.sty
Package: tocloft 2010/10/13 v2.3e parameterised ToC, etc., typesetting
Package tocloft Info: The document has chapter divisions on input line 43.
\cftparskip=\skip80
\cftbeforetoctitleskip=\skip81
\cftaftertoctitleskip=\skip82
\cftbeforepartskip=\skip83
\cftpartnumwidth=\skip84
\cftpartindent=\skip85
\cftbeforechapskip=\skip86
\cftchapindent=\skip87
\cftchapnumwidth=\skip88
\cftbeforesecskip=\skip89
\cftsecindent=\skip90
\cftsecnumwidth=\skip91
\cftbeforesubsecskip=\skip92
\cftsubsecindent=\skip93
\cftsubsecnumwidth=\skip94
\cftbeforesubsubsecskip=\skip95
\cftsubsubsecindent=\skip96
\cftsubsubsecnumwidth=\skip97
\cftbeforeparaskip=\skip98
\cftparaindent=\skip99
\cftparanumwidth=\skip100
\cftbeforesubparaskip=\skip101
\cftsubparaindent=\skip102
\cftsubparanumwidth=\skip103
\cftbeforeloftitleskip=\skip104
\cftafterloftitleskip=\skip105
\cftbeforefigskip=\skip106
\cftfigindent=\skip107
\cftfignumwidth=\skip108
\cftbeforelottitleskip=\skip109
\cftafterlottitleskip=\skip110
\cftbeforetabskip=\skip111
\cfttabindent=\skip112
\cfttabnumwidth=\skip113
\cftbeforesubfigskip=\skip114
\cftsubfigindent=\skip115
\cftsubfignumwidth=\skip116
\cftbeforesubtabskip=\skip117
\cftsubtabindent=\skip118
\cftsubtabnumwidth=\skip119
)
(./Masterarbeit_20120831.aux)
\openout1 = `Masterarbeit_20120831.aux'.

LaTeX Font Info:    Checking defaults for OML/cmm/m/it on input line 112.
LaTeX Font Info:    ... okay on input line 112.
LaTeX Font Info:    Checking defaults for T1/cmr/m/n on input line 112.
LaTeX Font Info:    ... okay on input line 112.
LaTeX Font Info:    Checking defaults for OT1/cmr/m/n on input line 112.
LaTeX Font Info:    ... okay on input line 112.
LaTeX Font Info:    Checking defaults for OMS/cmsy/m/n on input line 112.
LaTeX Font Info:    ... okay on input line 112.
LaTeX Font Info:    Checking defaults for OMX/cmex/m/n on input line 112.
LaTeX Font Info:    ... okay on input line 112.
LaTeX Font Info:    Checking defaults for U/cmr/m/n on input line 112.
LaTeX Font Info:    ... okay on input line 112.
LaTeX Font Info:    Checking defaults for PD1/pdf/m/n on input line 112.
LaTeX Font Info:    ... okay on input line 112.

*geometry* driver: auto-detecting
*geometry* detected driver: pdftex
*geometry* verbose mode - [ preamble ] result:
* driver: pdftex
* paper: a4paper
* layout: <same size as paper>
* layoutoffset:(h,v)=(0.0pt,0.0pt)
* modes: 
* h-part:(L,W,R)=(89.62709pt, 418.25368pt, 89.6271pt)
* v-part:(T,H,B)=(101.40665pt, 591.5302pt, 152.11pt)
* \paperwidth=597.50787pt
* \paperheight=845.04684pt
* \textwidth=418.25368pt
* \textheight=591.5302pt
* \oddsidemargin=17.3571pt
* \evensidemargin=17.3571pt
* \topmargin=-10.73834pt
* \headheight=18.125pt
* \headsep=21.75pt
* \topskip=12.0pt
* \footskip=50.75pt
* \marginparwidth=49.79233pt
* \marginparsep=12.8401pt
* \columnsep=10.0pt
* \skip\footins=10.8pt plus 4.0pt minus 2.0pt
* \hoffset=0.0pt
* \voffset=0.0pt
* \mag=1000
* \@twocolumnfalse
* \@twosidefalse
* \@mparswitchfalse
* \@reversemarginfalse
* (1in=72.27pt=25.4mm, 1cm=28.453pt)

(c:/texlive/2012/texmf-dist/tex/context/base/supp-pdf.mkii
[Loading MPS to PDF converter (version 2006.09.02).]
\scratchcounter=\count158
\scratchdimen=\dimen170
\scratchbox=\box50
\nofMPsegments=\count159
\nofMParguments=\count160
\everyMPshowfont=\toks38
\MPscratchCnt=\count161
\MPscratchDim=\dimen171
\MPnumerator=\count162
\makeMPintoPDFobject=\count163
\everyMPtoPDFconversion=\toks39
) (c:/texlive/2012/texmf-dist/tex/latex/oberdiek/epstopdf-base.sty
Package: epstopdf-base 2010/02/09 v2.5 Base part for package epstopdf

(c:/texlive/2012/texmf-dist/tex/latex/oberdiek/grfext.sty
Package: grfext 2010/08/19 v1.1 Manage graphics extensions (HO)
)
Package grfext Info: Graphics extension search list:
(grfext)             [.png,.pdf,.jpg,.mps,.jpeg,.jbig2,.jb2,.PNG,.PDF,.JPG,.JPE
G,.JBIG2,.JB2,.eps]
(grfext)             \AppendGraphicsExtensions on input line 452.

(c:/texlive/2012/texmf-dist/tex/latex/latexconfig/epstopdf-sys.cfg
File: epstopdf-sys.cfg 2010/07/13 v1.3 Configuration of (r)epstopdf for TeX Liv
e
))
\AtBeginShipoutBox=\box51
Package hyperref Info: Link coloring OFF on input line 112.

(c:/texlive/2012/texmf-dist/tex/latex/hyperref/nameref.sty
Package: nameref 2012/07/31 v2.42 Cross-referencing by name of section

(c:/texlive/2012/texmf-dist/tex/generic/oberdiek/gettitlestring.sty
Package: gettitlestring 2010/12/03 v1.4 Cleanup title references (HO)
)
\c@section@level=\count164
LaTeX Info: Redefining \Ref on input line 503.
)
LaTeX Info: Redefining \ref on input line 112.
LaTeX Info: Redefining \pageref on input line 112.
LaTeX Info: Redefining \nameref on input line 112.

(./Masterarbeit_20120831.out) (./Masterarbeit_20120831.out)
\@outlinefile=\write3
\openout3 = `Masterarbeit_20120831.out'.

LaTeX Info: Redefining \Ref on input line 112.
LaTeX Info: Redefining \celsius on input line 112.
Package gensymb Info: Faking symbols for \degree and \celsius on input line 112
.


Package gensymb Warning: Not defining \perthousand.

LaTeX Info: Redefining \ohm on input line 112.
Package gensymb Info: Using \Omega for \ohm on input line 112.

Package gensymb Warning: Not defining \micro.

\c@lstlisting=\count165
Package caption Info: Begin \AtBeginDocument code.
Package caption Info: subfig package v1.3 is loaded.
Package caption Info: End \AtBeginDocument code.
LaTeX Font Info:    Try loading font information for OT1+phv on input line 114.

(c:/texlive/2012/texmf-dist/tex/latex/psnfss/ot1phv.fd
File: ot1phv.fd 2001/06/04 scalable font definitions for OT1/phv.
)
LaTeX Font Info:    Font shape `OT1/phv/bx/n' in size <12> not available
(Font)              Font shape `OT1/phv/b/n' tried instead on input line 114.
LaTeX Font Info:    Font shape `OT1/phv/bx/n' in size <24.88> not available
(Font)              Font shape `OT1/phv/b/n' tried instead on input line 114.
LaTeX Font Info:    Try loading font information for U+msa on input line 114.

(c:/texlive/2012/texmf-dist/tex/latex/amsfonts/umsa.fd
File: umsa.fd 2009/06/22 v3.00 AMS symbols A
)
LaTeX Font Info:    Try loading font information for U+msb on input line 114.

(c:/texlive/2012/texmf-dist/tex/latex/amsfonts/umsb.fd
File: umsb.fd 2009/06/22 v3.00 AMS symbols B
) [1



{c:/texlive/2012/texmf-var/fonts/map/pdftex/updmap/pdftex.map}] (./Masterarbeit
_20120831.tocpdfTeX warning (ext4): destination with the same identifier (name{
page.i}) has been already used, duplicate ignored
<to be read again> 
                   \relax 
l.39 ...r}{\numberline {6}Software}{55}{chapter.6}
                                                   [1

])
\tf@toc=\write4
\openout4 = `Masterarbeit_20120831.toc'.

 [2]
(./Masterarbeit_20120831.lof)
\tf@lof=\write5
\openout5 = `Masterarbeit_20120831.lof'.



Class scrreprt Warning: Usage of deprecated \float@listhead!
(scrreprt)              You should use the features of package `tocbasic'
(scrreprt)              instead of \float@listhead.
(scrreprt)              Definition of \float@listhead my be removed from
(scrreprt)              `scrreprt' soon, so it should not be used  on input lin
e 118.

[3

] (./Masterarbeit_20120831.lol)
\tf@lol=\write6
\openout6 = `Masterarbeit_20120831.lol'.

 [4

] (./Masterarbeit_20120831.lot)
\tf@lot=\write7
\openout7 = `Masterarbeit_20120831.lot'.


(c:/texlive/2012/texmf-dist/tex/latex/listings/lstlang1.sty
File: lstlang1.sty 2004/09/05 1.3 listings language file
)
(c:/texlive/2012/texmf-dist/tex/latex/listings/lstmisc.sty
File: lstmisc.sty 2007/02/22 1.4 (Carsten Heinz)
) [5

]
Kapitel 1.

Class scrreprt Warning: \float@addtolists detected!
(scrreprt)              You should use the features of package `tocbasic'
(scrreprt)              instead of \float@addtolists.
(scrreprt)              Support for \float@addtolists may be removed from
(scrreprt)              `scrreprt' soon .

[1

]
Kapitel 2.
LaTeX Font Info:    Try loading font information for OMS+cmr on input line 147.

(c:/texlive/2012/texmf-dist/tex/latex/base/omscmr.fd
File: omscmr.fd 1999/05/25 v2.5h Standard LaTeX font definitions
)
LaTeX Font Info:    Font shape `OMS/cmr/m/n' in size <12> not available
(Font)              Font shape `OMS/cmsy/m/n' tried instead on input line 147.
 [2

]
Kapitel 3.

Underfull \hbox (badness 10000) in paragraph at lines 170--182

 []

[3

]
Underfull \hbox (badness 10000) in paragraph at lines 192--196

 []


Overfull \hbox (0.95717pt too wide) in paragraph at lines 192--196
\OT1/cmr/m/n/12 nicht zur Tem-pe-ra-tur-mes-sung ver-wen-det wer-den soll, er-w
eist es sich als zweckm[]a^^Yig
 []

[4] [5]
Kapitel 4.
[6

] [7]
Underfull \vbox (badness 10000) detected at line 270
 []

[8]
Package epstopdf Info: Source file: <tabelle2_1_1.eps>
(epstopdf)                    date: 2012-09-05 15:22:37
(epstopdf)                    size: 20201 bytes
(epstopdf)             Output file: <tabelle2_1_1-eps-converted-to.pdf>
(epstopdf)                    date: 2013-01-18 09:15:55
(epstopdf)                    size: 7870 bytes
(epstopdf)             Command: <repstopdf --outfile=tabelle2_1_1-eps-converted
-to.pdf tabelle2_1_1.eps>
(epstopdf)             \includegraphics on input line 273.
Package epstopdf Info: Output file is already uptodate.
 <tabelle2_1_1-eps-converted-to.pdf, id=330, 361.35pt x 505.89pt>
File: tabelle2_1_1-eps-converted-to.pdf Graphic file (type pdf)

<use tabelle2_1_1-eps-converted-to.pdf>
Package pdftex.def Info: tabelle2_1_1-eps-converted-to.pdf used on input line 2
73.
(pdftex.def)             Requested size: 361.34912pt x 505.88875pt.

Underfull \vbox (badness 10000) detected at line 306
 []

Package epstopdf Info: Source file: <tabelle2_1_2.eps>
(epstopdf)                    date: 2012-09-05 15:22:37
(epstopdf)                    size: 20735 bytes
(epstopdf)             Output file: <tabelle2_1_2-eps-converted-to.pdf>
(epstopdf)                    date: 2013-01-18 09:16:59
(epstopdf)                    size: 7650 bytes
(epstopdf)             Command: <repstopdf --outfile=tabelle2_1_2-eps-converted
-to.pdf tabelle2_1_2.eps>
(epstopdf)             \includegraphics on input line 310.
Package epstopdf Info: Output file is already uptodate.
<tabelle2_1_2-eps-converted-to.pdf, id=333, 324.21124pt x 454.69875pt>
File: tabelle2_1_2-eps-converted-to.pdf Graphic file (type pdf)

<use tabelle2_1_2-eps-converted-to.pdf>
Package pdftex.def Info: tabelle2_1_2-eps-converted-to.pdf used on input line 3
10.
(pdftex.def)             Requested size: 324.21045pt x 454.69763pt.
 [9] [10 <./tabelle2_1_1-eps-converted-to.pdf>] [11 <./tabelle2_1_2-eps-convert
ed-to.pdf>]
Underfull \vbox (badness 10000) detected at line 350
 []


Underfull \vbox (badness 10000) detected at line 379
 []

[12]
Package epstopdf Info: Source file: <tabelle2_1_3.eps>
(epstopdf)                    date: 2012-09-05 15:22:37
(epstopdf)                    size: 21003 bytes
(epstopdf)             Output file: <tabelle2_1_3-eps-converted-to.pdf>
(epstopdf)                    date: 2013-01-18 09:17:59
(epstopdf)                    size: 8596 bytes
(epstopdf)             Command: <repstopdf --outfile=tabelle2_1_3-eps-converted
-to.pdf tabelle2_1_3.eps>
(epstopdf)             \includegraphics on input line 383.
Package epstopdf Info: Output file is already uptodate.
 <tabelle2_1_3-eps-converted-to.pdf, id=365, 324.21124pt x 454.69875pt>
File: tabelle2_1_3-eps-converted-to.pdf Graphic file (type pdf)

<use tabelle2_1_3-eps-converted-to.pdf>
Package pdftex.def Info: tabelle2_1_3-eps-converted-to.pdf used on input line 3
83.
(pdftex.def)             Requested size: 324.21045pt x 454.69763pt.
 [13] [14 <./tabelle2_1_3-eps-converted-to.pdf>]
Underfull \vbox (badness 10000) detected at line 418
 []

Package epstopdf Info: Source file: <tabelle2_1_4.eps>
(epstopdf)                    date: 2012-09-05 15:22:37
(epstopdf)                    size: 18998 bytes
(epstopdf)             Output file: <tabelle2_1_4-eps-converted-to.pdf>
(epstopdf)                    date: 2013-01-18 09:19:59
(epstopdf)                    size: 7364 bytes
(epstopdf)             Command: <repstopdf --outfile=tabelle2_1_4-eps-converted
-to.pdf tabelle2_1_4.eps>
(epstopdf)             \includegraphics on input line 422.
Package epstopdf Info: Output file is already uptodate.
<tabelle2_1_4-eps-converted-to.pdf, id=382, 324.21124pt x 454.69875pt>
File: tabelle2_1_4-eps-converted-to.pdf Graphic file (type pdf)

<use tabelle2_1_4-eps-converted-to.pdf>
Package pdftex.def Info: tabelle2_1_4-eps-converted-to.pdf used on input line 4
22.
(pdftex.def)             Requested size: 324.21045pt x 454.69763pt.
 [15] [16 <./tabelle2_1_4-eps-converted-to.pdf>]
Underfull \vbox (badness 10000) detected at line 472
 []

[17]
Package epstopdf Info: Source file: <tabelle2_2_1.eps>
(epstopdf)                    date: 2012-09-05 15:22:37
(epstopdf)                    size: 23514 bytes
(epstopdf)             Output file: <tabelle2_2_1-eps-converted-to.pdf>
(epstopdf)                    date: 2013-01-18 09:20:01
(epstopdf)                    size: 8855 bytes
(epstopdf)             Command: <repstopdf --outfile=tabelle2_2_1-eps-converted
-to.pdf tabelle2_2_1.eps>
(epstopdf)             \includegraphics on input line 476.
Package epstopdf Info: Output file is already uptodate.
 <tabelle2_2_1-eps-converted-to.pdf, id=405, 324.21124pt x 454.69875pt>
File: tabelle2_2_1-eps-converted-to.pdf Graphic file (type pdf)

<use tabelle2_2_1-eps-converted-to.pdf>
Package pdftex.def Info: tabelle2_2_1-eps-converted-to.pdf used on input line 4
76.
(pdftex.def)             Requested size: 324.21045pt x 454.69763pt.
 [18] [19 <./tabelle2_2_1-eps-converted-to.pdf>]
Underfull \vbox (badness 10000) detected at line 522
 []

Package epstopdf Info: Source file: <tabelle2_2_2.eps>
(epstopdf)                    date: 2012-09-05 15:22:37
(epstopdf)                    size: 22264 bytes
(epstopdf)             Output file: <tabelle2_2_2-eps-converted-to.pdf>
(epstopdf)                    date: 2013-01-18 09:20:03
(epstopdf)                    size: 7653 bytes
(epstopdf)             Command: <repstopdf --outfile=tabelle2_2_2-eps-converted
-to.pdf tabelle2_2_2.eps>
(epstopdf)             \includegraphics on input line 526.
Package epstopdf Info: Output file is already uptodate.
<tabelle2_2_2-eps-converted-to.pdf, id=428, 324.21124pt x 454.69875pt>
File: tabelle2_2_2-eps-converted-to.pdf Graphic file (type pdf)

<use tabelle2_2_2-eps-converted-to.pdf>
Package pdftex.def Info: tabelle2_2_2-eps-converted-to.pdf used on input line 5
26.
(pdftex.def)             Requested size: 324.21045pt x 454.69763pt.

Underfull \vbox (badness 10000) detected at line 566
 []

[20] [21 <./tabelle2_2_2-eps-converted-to.pdf>]
Package epstopdf Info: Source file: <tabelle2_2_3.eps>
(epstopdf)                    date: 2012-09-05 15:22:38
(epstopdf)                    size: 22137 bytes
(epstopdf)             Output file: <tabelle2_2_3-eps-converted-to.pdf>
(epstopdf)                    date: 2013-01-18 09:20:05
(epstopdf)                    size: 8822 bytes
(epstopdf)             Command: <repstopdf --outfile=tabelle2_2_3-eps-converted
-to.pdf tabelle2_2_3.eps>
(epstopdf)             \includegraphics on input line 570.
Package epstopdf Info: Output file is already uptodate.

<tabelle2_2_3-eps-converted-to.pdf, id=445, 324.21124pt x 454.69875pt>
File: tabelle2_2_3-eps-converted-to.pdf Graphic file (type pdf)

<use tabelle2_2_3-eps-converted-to.pdf>
Package pdftex.def Info: tabelle2_2_3-eps-converted-to.pdf used on input line 5
70.
(pdftex.def)             Requested size: 324.21045pt x 454.69763pt.
 [22] [23 <./tabelle2_2_3-eps-converted-to.pdf>]
Underfull \vbox (badness 10000) detected at line 615
 []

Package epstopdf Info: Source file: <tabelle2_2_4.eps>
(epstopdf)                    date: 2012-09-05 15:22:38
(epstopdf)                    size: 21247 bytes
(epstopdf)             Output file: <tabelle2_2_4-eps-converted-to.pdf>
(epstopdf)                    date: 2013-01-18 09:20:07
(epstopdf)                    size: 7485 bytes
(epstopdf)             Command: <repstopdf --outfile=tabelle2_2_4-eps-converted
-to.pdf tabelle2_2_4.eps>
(epstopdf)             \includegraphics on input line 619.
Package epstopdf Info: Output file is already uptodate.
<tabelle2_2_4-eps-converted-to.pdf, id=467, 324.21124pt x 454.69875pt>
File: tabelle2_2_4-eps-converted-to.pdf Graphic file (type pdf)

<use tabelle2_2_4-eps-converted-to.pdf>
Package pdftex.def Info: tabelle2_2_4-eps-converted-to.pdf used on input line 6
19.
(pdftex.def)             Requested size: 324.21045pt x 454.69763pt.

Underfull \vbox (badness 10000) detected at line 658
 []

[24]
Package epstopdf Info: Source file: <tabelle2_2_5.eps>
(epstopdf)                    date: 2012-09-05 15:22:38
(epstopdf)                    size: 22102 bytes
(epstopdf)             Output file: <tabelle2_2_5-eps-converted-to.pdf>
(epstopdf)                    date: 2013-01-18 09:20:09
(epstopdf)                    size: 8790 bytes
(epstopdf)             Command: <repstopdf --outfile=tabelle2_2_5-eps-converted
-to.pdf tabelle2_2_5.eps>
(epstopdf)             \includegraphics on input line 662.
Package epstopdf Info: Output file is already uptodate.
 <tabelle2_2_5-eps-converted-to.pdf, id=473, 324.21124pt x 454.69875pt>
File: tabelle2_2_5-eps-converted-to.pdf Graphic file (type pdf)

<use tabelle2_2_5-eps-converted-to.pdf>
Package pdftex.def Info: tabelle2_2_5-eps-converted-to.pdf used on input line 6
62.
(pdftex.def)             Requested size: 324.21045pt x 454.69763pt.
 [25] [26 <./tabelle2_2_4-eps-converted-to.pdf>] [27 <./tabelle2_2_5-eps-conver
ted-to.pdf>]
Kapitel 5.

Package pdftex.def Warning: Option `bb' does not make sense,
(pdftex.def)                using `viewport' instead on input line 679.

<Bilder/LTC3108breakoutSSOC.pdf, id=509, 597.23125pt x 845.1575pt>
File: Bilder/LTC3108breakoutSSOC.pdf Graphic file (type pdf)

<use Bilder/LTC3108breakoutSSOC.pdf>
Package pdftex.def Info: Bilder/LTC3108breakoutSSOC.pdf used on input line 679.

(pdftex.def)             Requested size: 401.18307pt x 250.3833pt.

Underfull \hbox (badness 10000) in paragraph at lines 674--684

 []

[28

] [29] <Bilder/BQ_Tesla_transmitter.JPG, id=528, 3886.52pt x 2601.72pt>
File: Bilder/BQ_Tesla_transmitter.JPG Graphic file (type jpg)

<use Bilder/BQ_Tesla_transmitter.JPG>
Package pdftex.def Info: Bilder/BQ_Tesla_transmitter.JPG used on input line 695
.
(pdftex.def)             Requested size: 327.80423pt x 219.41637pt.

<Bilder/BQ_Tesla_receiver.JPG, id=529, 3886.52pt x 2601.72pt>
File: Bilder/BQ_Tesla_receiver.JPG Graphic file (type jpg)

<use Bilder/BQ_Tesla_receiver.JPG>
Package pdftex.def Info: Bilder/BQ_Tesla_receiver.JPG used on input line 702.
(pdftex.def)             Requested size: 327.80423pt x 219.41637pt.
 [30 <./Bilder/LTC3108breakoutSSOC.pdf>]
[31 <./Bilder/BQ_Tesla_transmitter.JPG> <./Bilder/BQ_Tesla_receiver.JPG>]
[32] <Bilder/self_receiver.JPG, id=559, 3886.52pt x 2601.72pt>
File: Bilder/self_receiver.JPG Graphic file (type jpg)

<use Bilder/self_receiver.JPG>
Package pdftex.def Info: Bilder/self_receiver.JPG used on input line 730.
(pdftex.def)             Requested size: 411.45369pt x 275.43166pt.
 [33] [34] [35 <./Bilder/self_receiver.JPG>]
[36]
Underfull \hbox (badness 10000) in paragraph at lines 754--757

 []

[37] [38] [39]
Underfull \hbox (badness 10000) in paragraph at lines 834--836

 []

[40]
Underfull \hbox (badness 10000) in paragraph at lines 860--864

 []

[41] [42] [43] [44] <Bilder/TXLine.png, id=699, 502.87875pt x 297.36093pt>
File: Bilder/TXLine.png Graphic file (type png)

<use Bilder/TXLine.png>
Package pdftex.def Info: Bilder/TXLine.png used on input line 912.
(pdftex.def)             Requested size: 411.45369pt x 243.29759pt.
 [45]
<Bilder/CC2541.JPG, id=715, 3886.52pt x 2601.72pt>
File: Bilder/CC2541.JPG Graphic file (type jpg)
 <use Bilder/CC2541.JPG>
Package pdftex.def Info: Bilder/CC2541.JPG used on input line 923.
(pdftex.def)             Requested size: 411.45369pt x 275.43166pt.

[46 <./Bilder/TXLine.png>] [47 <./Bilder/CC2541.JPG>]
<Bilder/breakout.JPG, id=736, 3886.52pt x 2601.72pt>
File: Bilder/breakout.JPG Graphic file (type jpg)
 <use Bilder/breakout.JPG>
Package pdftex.def Info: Bilder/breakout.JPG used on input line 935.
(pdftex.def)             Requested size: 411.45369pt x 275.43166pt.

[48] [49 <./Bilder/breakout.JPG>]
<Bilder/CC430.JPG, id=754, 3886.52pt x 2601.72pt>
File: Bilder/CC430.JPG Graphic file (type jpg)
 <use Bilder/CC430.JPG>
Package pdftex.def Info: Bilder/CC430.JPG used on input line 960.
(pdftex.def)             Requested size: 411.45369pt x 275.43166pt.

<Bilder/ad1232.JPG, id=762, 3886.52pt x 2601.72pt>
File: Bilder/ad1232.JPG Graphic file (type jpg)
 <use Bilder/ad1232.JPG>
Package pdftex.def Info: Bilder/ad1232.JPG used on input line 972.
(pdftex.def)             Requested size: 411.45369pt x 275.43166pt.

[50] [51 <./Bilder/CC430.JPG>] [52] [53 <./Bilder/ad1232.JPG>] [54]
Kapitel 6.
[55

] [56]
Package hyperref Info: bookmark level for unknown lstlisting defaults to 0 on i
nput line 1001.
 (./main.c
LaTeX Font Info:    Font shape `OT1/cmtt/bx/n' in size <10.95> not available
(Font)              Font shape `OT1/cmtt/m/n' tried instead on input line 1.
) [57] (./porting_defines.h [58]) [59] [60] (./SPI.c
[61] [62] [63] [64] [65]) [66] (./dependencies.h) [67] (./ADS1232.c [68]
[69] [70] [71]) (./Masterarbeit_20120831.bbl [72]
Underfull \hbox (badness 4467) in paragraph at lines 9--14
[]\OT1/cmr/m/it/12 MSP430 16-Bit Ultra-Low Power MCUs - RF SoC Se-ries -
 []


Underfull \hbox (badness 2237) in paragraph at lines 9--14
\OT1/cmr/m/it/12 CC430F6137\OT1/cmr/m/n/12 .  Te-xas In-stru-ments In-cor-po-ra
-ted, Stand: 26. 01.
 []


Underfull \hbox (badness 10000) in paragraph at lines 9--14
[]$\OT1/cmtt/m/n/12 h t tp : / / w w w\OML/cmm/m/it/12 : \OT1/cmtt/m/n/12 t i\O
ML/cmm/m/it/12 : \OT1/cmtt/m/n/12 c o m / p r o d u c t / c c430 f 6137$[]:Soft
ware/CC430F613x C
 []


Underfull \hbox (badness 10000) in paragraph at lines 26--31
[]$\OT1/cmtt/m/n/12 h t tp : / / w w w\OML/cmm/m/it/12 : \OT1/cmtt/m/n/12 d l r
 \OML/cmm/m/it/12 : \OT1/cmtt/m/n/12 d e / r m / d e s k t o p d e f a u l t\OM
L/cmm/m/it/12 : \OT1/cmtt/m/n/12 a s p x / t a b i d-[]3830 / 6256[] r e a
 []


Underfull \hbox (badness 10000) in paragraph at lines 33--38
[]$\OT1/cmtt/m/n/12 h t tp : / / m e d i c a l x p r e s s\OML/cmm/m/it/12 : \O
T1/cmtt/m/n/12 c o m / n e w s / 2012-[]05-[] p a r a l y z e d -[] i n d i v i
 d u a
 []

[73

]
Underfull \hbox (badness 10000) in paragraph at lines 62--65
[]$\OT1/cmtt/m/n/12 h t tp : / / w w w\OML/cmm/m/it/12 : \OT1/cmtt/m/n/12 i a r
 \OML/cmm/m/it/12 : \OT1/cmtt/m/n/12 c o m / e n / P r o d u c t s / I A R -[] 
E m b e d d e d-[] W o r k b e n c h
 []

[74] [75]
Underfull \hbox (badness 10000) in paragraph at lines 163--167
[]$\OT1/cmtt/m/n/12 h t tp : / / c o m p u t e r \OML/cmm/m/it/12 : \OT1/cmtt/m
/n/12 t -[] o n l i n e\OML/cmm/m/it/12 : \OT1/cmtt/m/n/12 d e / u e l z e n -[
] e x p l o d i e r t e s-[] n o t e b o o k-[] l
 []


Underfull \hbox (badness 10000) in paragraph at lines 169--173
[]$\OT1/cmtt/m/n/12 h t tp : / / w w w\OML/cmm/m/it/12 : \OT1/cmtt/m/n/12 a w r
 c o r p \OML/cmm/m/it/12 : \OT1/cmtt/m/n/12 c o m / p r o d u c t s / o p t i 
o n a l -[] p r o d u c t s / t x -[] l i n e-[] t
 []

)
Package atveryend Info: Empty hook `BeforeClearDocument' on input line 1019.
 [76]
Package atveryend Info: Empty hook `AfterLastShipout' on input line 1019.
 (./Masterarbeit_20120831.aux)
Package atveryend Info: Executing hook `AtVeryEndDocument' on input line 1019.
Package atveryend Info: Executing hook `AtEndAfterFileList' on input line 1019.

Package rerunfilecheck Info: File `Masterarbeit_20120831.out' has not changed.
(rerunfilecheck)             Checksum: 0D415F457BEE95FE9B0955FFF81BFBA3;1740.
Package atveryend Info: Empty hook `AtVeryVeryEnd' on input line 1019.
 ) 
Here is how much of TeX's memory you used:
 14348 strings out of 493488
 208599 string characters out of 3144749
 416656 words of memory out of 3000000
 16671 multiletter control sequences out of 15000+200000
 17986 words of font info for 61 fonts, out of 3000000 for 9000
 957 hyphenation exceptions out of 8191
 67i,13n,108p,2867b,1912s stack positions out of 5000i,500n,10000p,200000b,50000s
{c:/texlive/2012/texmf-dist/fonts/enc/dvips/base/8r.enc}<c:/texlive/2012/texm
f-dist/fonts/type1/public/amsfonts/cm/cmbx12.pfb><c:/texlive/2012/texmf-dist/fo
nts/type1/public/amsfonts/cm/cmex10.pfb><c:/texlive/2012/texmf-dist/fonts/type1
/public/amsfonts/cm/cmmi12.pfb><c:/texlive/2012/texmf-dist/fonts/type1/public/a
msfonts/cm/cmmi6.pfb><c:/texlive/2012/texmf-dist/fonts/type1/public/amsfonts/cm
/cmmi8.pfb><c:/texlive/2012/texmf-dist/fonts/type1/public/amsfonts/cm/cmr10.pfb
><c:/texlive/2012/texmf-dist/fonts/type1/public/amsfonts/cm/cmr12.pfb><c:/texli
ve/2012/texmf-dist/fonts/type1/public/amsfonts/cm/cmr17.pfb><c:/texlive/2012/te
xmf-dist/fonts/type1/public/amsfonts/cm/cmr6.pfb><c:/texlive/2012/texmf-dist/fo
nts/type1/public/amsfonts/cm/cmr7.pfb><c:/texlive/2012/texmf-dist/fonts/type1/p
ublic/amsfonts/cm/cmr8.pfb><c:/texlive/2012/texmf-dist/fonts/type1/public/amsfo
nts/cm/cmsl12.pfb><c:/texlive/2012/texmf-dist/fonts/type1/public/amsfonts/cm/cm
sy10.pfb><c:/texlive/2012/texmf-dist/fonts/type1/public/amsfonts/cm/cmsy6.pfb><
c:/texlive/2012/texmf-dist/fonts/type1/public/amsfonts/cm/cmsy8.pfb><c:/texlive
/2012/texmf-dist/fonts/type1/public/amsfonts/cm/cmti12.pfb><c:/texlive/2012/tex
mf-dist/fonts/type1/public/amsfonts/cm/cmtt10.pfb><c:/texlive/2012/texmf-dist/f
onts/type1/public/amsfonts/cm/cmtt12.pfb><c:/texlive/2012/texmf-dist/fonts/type
1/urw/helvetic/uhvb8a.pfb>
Output written on Masterarbeit_20120831.pdf (82 pages, 13847840 bytes).
PDF statistics:
 1604 PDF objects out of 1728 (max. 8388607)
 1455 compressed objects within 15 object streams
 702 named destinations out of 1000 (max. 500000)
 315 words of extra memory for PDF output out of 10000 (max. 10000000)

